# JRE version: OpenJDK Runtime Environment (17.0.6) (build 17.0.6+0-17.0.6b829.9-10027231)
# Java VM: OpenJDK 64-Bit Server VM (17.0.6+0-17.0.6b829.9-10027231, mixed mode, tiered, compressed oops, compressed class ptrs, g1 gc, linux-amd64)
GC Precious Log:
 CPUs: 16 total, 16 available
 Memory: 32047M
 Large Page Support: Disabled
 NUMA Support: Disabled
 Compressed Oops: Enabled (32-bit)
 Heap Region Size: 1M
 Heap Min Capacity: 8M
 Heap Initial Capacity: 502M
 Heap Max Capacity: 1536M
 Pre-touch: Disabled
 Parallel Workers: 13
 Concurrent Workers: 3
 Concurrent Refinement Workers: 13
 Periodic GC: Disabled
Heap:
 garbage-first heap   total 280576K, used 228998K [0x00000000a0000000, 0x0000000100000000)
  region size 1024K, 130 young (133120K), 14 survivors (14336K)
 Metaspace       used 111685K, committed 112512K, reserved 1146880K
  class space    used 14722K, committed 15104K, reserved 1048576K
GC Heap History (20 events):
Event: 28.865 GC heap after
{Heap after GC invocations=41 (full 0):
 garbage-first heap   total 289792K, used 64048K [0x00000000a0000000, 0x0000000100000000)
  region size 1024K, 5 young (5120K), 5 survivors (5120K)
 Metaspace       used 70534K, committed 71040K, reserved 1114112K
  class space    used 8940K, committed 9152K, reserved 1048576K
}
Event: 29.031 GC heap before
{Heap before GC invocations=41 (full 0):
 garbage-first heap   total 289792K, used 231984K [0x00000000a0000000, 0x0000000100000000)
  region size 1024K, 169 young (173056K), 5 survivors (5120K)
 Metaspace       used 70534K, committed 71040K, reserved 1114112K
  class space    used 8940K, committed 9152K, reserved 1048576K
}
Event: 29.033 GC heap after
{Heap after GC invocations=42 (full 0):
 garbage-first heap   total 289792K, used 66079K [0x00000000a0000000, 0x0000000100000000)
  region size 1024K, 7 young (7168K), 7 survivors (7168K)
 Metaspace       used 70534K, committed 71040K, reserved 1114112K
  class space    used 8940K, committed 9152K, reserved 1048576K
}
Event: 29.209 GC heap before
{Heap before GC invocations=42 (full 0):
 garbage-first heap   total 289792K, used 231967K [0x00000000a0000000, 0x0000000100000000)
  region size 1024K, 169 young (173056K), 7 survivors (7168K)
 Metaspace       used 70540K, committed 71040K, reserved 1114112K
  class space    used 8940K, committed 9152K, reserved 1048576K
}
Event: 29.210 GC heap after
{Heap after GC invocations=43 (full 0):
 garbage-first heap   total 289792K, used 57730K [0x00000000a0000000, 0x0000000100000000)
  region size 1024K, 3 young (3072K), 3 survivors (3072K)
 Metaspace       used 70540K, committed 71040K, reserved 1114112K
  class space    used 8940K, committed 9152K, reserved 1048576K
}
Event: 30.927 GC heap before
{Heap before GC invocations=43 (full 0):
 garbage-first heap   total 289792K, used 236930K [0x00000000a0000000, 0x0000000100000000)
  region size 1024K, 169 young (173056K), 3 survivors (3072K)
 Metaspace       used 80200K, committed 80704K, reserved 1122304K
  class space    used 10139K, committed 10368K, reserved 1048576K
}
Event: 30.931 GC heap after
{Heap after GC invocations=44 (full 0):
 garbage-first heap   total 289792K, used 79926K [0x00000000a0000000, 0x0000000100000000)
  region size 1024K, 16 young (16384K), 16 survivors (16384K)
 Metaspace       used 80200K, committed 80704K, reserved 1122304K
  class space    used 10139K, committed 10368K, reserved 1048576K
}
Event: 31.275 GC heap before
{Heap before GC invocations=44 (full 0):
 garbage-first heap   total 289792K, used 153654K [0x00000000a0000000, 0x0000000100000000)
  region size 1024K, 89 young (91136K), 16 survivors (16384K)
 Metaspace       used 81052K, committed 81536K, reserved 1122304K
  class space    used 10239K, committed 10432K, reserved 1048576K
}
Event: 31.282 GC heap after
{Heap after GC invocations=45 (full 0):
 garbage-first heap   total 289792K, used 82155K [0x00000000a0000000, 0x0000000100000000)
  region size 1024K, 2 young (2048K), 2 survivors (2048K)
 Metaspace       used 81052K, committed 81536K, reserved 1122304K
  class space    used 10239K, committed 10432K, reserved 1048576K
}
Event: 33.616 GC heap before
{Heap before GC invocations=46 (full 0):
 garbage-first heap   total 280576K, used 248043K [0x00000000a0000000, 0x0000000100000000)
  region size 1024K, 158 young (161792K), 2 survivors (2048K)
 Metaspace       used 95954K, committed 96576K, reserved 1138688K
  class space    used 12292K, committed 12544K, reserved 1048576K
}
Event: 33.620 GC heap after
{Heap after GC invocations=47 (full 0):
 garbage-first heap   total 280576K, used 93069K [0x00000000a0000000, 0x0000000100000000)
  region size 1024K, 13 young (13312K), 13 survivors (13312K)
 Metaspace       used 95954K, committed 96576K, reserved 1138688K
  class space    used 12292K, committed 12544K, reserved 1048576K
}
Event: 33.628 GC heap before
{Heap before GC invocations=47 (full 0):
 garbage-first heap   total 280576K, used 94093K [0x00000000a0000000, 0x0000000100000000)
  region size 1024K, 14 young (14336K), 13 survivors (13312K)
 Metaspace       used 95982K, committed 96576K, reserved 1138688K
  class space    used 12296K, committed 12544K, reserved 1048576K
}
Event: 33.632 GC heap after
{Heap after GC invocations=48 (full 0):
 garbage-first heap   total 280576K, used 93722K [0x00000000a0000000, 0x0000000100000000)
  region size 1024K, 2 young (2048K), 2 survivors (2048K)
 Metaspace       used 95982K, committed 96576K, reserved 1138688K
  class space    used 12296K, committed 12544K, reserved 1048576K
}
Event: 33.833 GC heap before
{Heap before GC invocations=48 (full 0):
 garbage-first heap   total 280576K, used 226842K [0x00000000a0000000, 0x0000000100000000)
  region size 1024K, 132 young (135168K), 2 survivors (2048K)
 Metaspace       used 96214K, committed 96832K, reserved 1138688K
  class space    used 12315K, committed 12608K, reserved 1048576K
}
Event: 33.835 GC heap after
{Heap after GC invocations=49 (full 0):
 garbage-first heap   total 280576K, used 95727K [0x00000000a0000000, 0x0000000100000000)
  region size 1024K, 4 young (4096K), 4 survivors (4096K)
 Metaspace       used 96214K, committed 96832K, reserved 1138688K
  class space    used 12315K, committed 12608K, reserved 1048576K
}
Event: 34.838 GC heap before
{Heap before GC invocations=49 (full 0):
 garbage-first heap   total 280576K, used 236015K [0x00000000a0000000, 0x0000000100000000)
  region size 1024K, 134 young (137216K), 4 survivors (4096K)
 Metaspace       used 99988K, committed 100608K, reserved 1138688K
  class space    used 12876K, committed 13184K, reserved 1048576K
}
Event: 34.841 GC heap after
{Heap after GC invocations=50 (full 0):
 garbage-first heap   total 280576K, used 100115K [0x00000000a0000000, 0x0000000100000000)
  region size 1024K, 8 young (8192K), 8 survivors (8192K)
 Metaspace       used 99988K, committed 100608K, reserved 1138688K
  class space    used 12876K, committed 13184K, reserved 1048576K
}
Event: 37.168 GC heap before
{Heap before GC invocations=50 (full 0):
 garbage-first heap   total 280576K, used 230163K [0x00000000a0000000, 0x0000000100000000)
  region size 1024K, 135 young (138240K), 8 survivors (8192K)
 Metaspace       used 108819K, committed 109504K, reserved 1146880K
  class space    used 14359K, committed 14656K, reserved 1048576K
}
Event: 37.173 GC heap after
{Heap after GC invocations=51 (full 0):
 garbage-first heap   total 280576K, used 110214K [0x00000000a0000000, 0x0000000100000000)
  region size 1024K, 17 young (17408K), 17 survivors (17408K)
 Metaspace       used 108819K, committed 109504K, reserved 1146880K
  class space    used 14359K, committed 14656K, reserved 1048576K
}
Event: 68.167 GC heap before
{Heap before GC invocations=51 (full 0):
 garbage-first heap   total 280576K, used 227974K [0x00000000a0000000, 0x0000000100000000)
  region size 1024K, 133 young (136192K), 17 survivors (17408K)
 Metaspace       used 111685K, committed 112512K, reserved 1146880K
  class space    used 14722K, committed 15104K, reserved 1048576K
}

